Using pre-set license
Built from '2021.1/release' branch; Version is '2021.1.0f1 (61a549675243) revision 6399305'; Using compiler version '192528614'; Build Type 'Release'
OS: 'Windows 10 Education; OS build 19041.1110; Version 2004; 64bit' Language: 'tr' Physical Memory: 16279 MB
BatchMode: 1, IsHumanControllingUs: 0, StartBugReporterOnCrash: 0, Is64bit: 1, IsPro: 0

 COMMAND LINE ARGUMENTS:
C:\Program Files\Unity\Hub\Editor\2021.1.0f1\Editor\Unity.exe
-adb2
-batchMode
-noUpm
-name
AssetImportWorker0
-projectPath
C:/Users/Erdem/Desktop/Unity Games/Memory
-logFile
Logs/AssetImportWorker0.log
-srvPort
61754
Successfully changed project path to: C:/Users/Erdem/Desktop/Unity Games/Memory
C:/Users/Erdem/Desktop/Unity Games/Memory
Using Asset Import Pipeline V2.
Refreshing native plugins compatible for Editor in 141.72 ms, found 2 plugins.
Preloading 0 native plugins for Editor in 0.00 ms.
Initialize engine version: 2021.1.0f1 (61a549675243)
[Subsystems] Discovering subsystems at path C:/Program Files/Unity/Hub/Editor/2021.1.0f1/Editor/Data/Resources/UnitySubsystems
[Subsystems] Discovering subsystems at path C:/Users/Erdem/Desktop/Unity Games/Memory/Assets
GfxDevice: creating device client; threaded=0; jobified=0
Direct3D:
    Version:  Direct3D 11.0 [level 11.0]
    Renderer: NVIDIA GeForce GTX 950M (ID=0x139a)
    Vendor:   NVIDIA
    VRAM:     2010 MB
    Driver:   30.0.14.7111
Initialize mono
Mono path[0] = 'C:/Program Files/Unity/Hub/Editor/2021.1.0f1/Editor/Data/Managed'
Mono path[1] = 'C:/Program Files/Unity/Hub/Editor/2021.1.0f1/Editor/Data/MonoBleedingEdge/lib/mono/unityjit'
Mono config path = 'C:/Program Files/Unity/Hub/Editor/2021.1.0f1/Editor/Data/MonoBleedingEdge/etc'
Using monoOptions --debugger-agent=transport=dt_socket,embedding=1,server=y,suspend=n,address=127.0.0.1:56828
Begin MonoManager ReloadAssembly
Registering precompiled unity dll's ...
Register platform support module: C:/Program Files/Unity/Hub/Editor/2021.1.0f1/Editor/Data/PlaybackEngines/WebGLSupport/UnityEditor.WebGL.Extensions.dll
Register platform support module: C:/Program Files/Unity/Hub/Editor/2021.1.0f1/Editor/Data/PlaybackEngines/WindowsStandaloneSupport/UnityEditor.WindowsStandalone.Extensions.dll
Registered in 0.003209 seconds.
Native extension for WindowsStandalone target not found
Native extension for WebGL target not found
Refreshing native plugins compatible for Editor in 131.22 ms, found 2 plugins.
Preloading 0 native plugins for Editor in 0.00 ms.
Mono: successfully reloaded assembly
- Completed reload, in  3.061 seconds
Platform modules already initialized, skipping
Registering precompiled user dll's ...
Registered in 0.005675 seconds.
Begin MonoManager ReloadAssembly
Native extension for WindowsStandalone target not found
Native extension for WebGL target not found
Refreshing native plugins compatible for Editor in 111.70 ms, found 2 plugins.
Preloading 0 native plugins for Editor in 0.00 ms.
Mono: successfully reloaded assembly
- Completed reload, in  1.393 seconds
Platform modules already initialized, skipping
========================================================================
Worker process is ready to serve import requests
Launched and connected shader compiler UnityShaderCompiler.exe after 0.06 seconds
Refreshing native plugins compatible for Editor in 0.70 ms, found 2 plugins.
Preloading 0 native plugins for Editor in 0.00 ms.
Unloading 3381 Unused Serialized files (Serialized files now loaded: 0)
System memory in use before: 129.4 MB.
System memory in use after: 129.5 MB.

Unloading 29 unused Assets to reduce memory usage. Loaded Objects now: 3832.
Total: 3.630400 ms (FindLiveObjects: 0.483300 ms CreateObjectMapping: 0.395000 ms MarkObjects: 2.562500 ms  DeleteObjects: 0.188600 ms)

========================================================================
Received Import Request.
  path: Assets/TextMesh Pro/Resources/Fonts & Materials/LiberationSans SDF 1.mat
  artifactKey: Guid(417649bb709f61445b0ca48077a702d2) Importer(815301076,1909f56bfc062723c751e8b465ee728b)
Start importing Assets/TextMesh Pro/Resources/Fonts & Materials/LiberationSans SDF 1.mat using Guid(417649bb709f61445b0ca48077a702d2) Importer(815301076,1909f56bfc062723c751e8b465ee728b)  -> (artifact id: '1c0a09ff74f16e8cf9789fa9079b53d2') in 0.212554 seconds 
========================================================================
Received Import Request.
  Time since last request: 0.000308 seconds.
  path: Assets/TextMesh Pro/Resources/Fonts & Materials/LiberationSans SDF.mat
  artifactKey: Guid(bfb48464da560b14bb8ab4e49d692ee6) Importer(815301076,1909f56bfc062723c751e8b465ee728b)
Start importing Assets/TextMesh Pro/Resources/Fonts & Materials/LiberationSans SDF.mat using Guid(bfb48464da560b14bb8ab4e49d692ee6) Importer(815301076,1909f56bfc062723c751e8b465ee728b)  -> (artifact id: '13b7c484d2a11b279a1d47b54cc61e8b') in 0.044286 seconds 
========================================================================
Received Import Request.
  Time since last request: 65.400489 seconds.
  path: Assets/TextMesh Pro/Resources/Fonts & Materials/LiberationSans SDF 1.mat
  artifactKey: Guid(417649bb709f61445b0ca48077a702d2) Importer(815301076,1909f56bfc062723c751e8b465ee728b)
Start importing Assets/TextMesh Pro/Resources/Fonts & Materials/LiberationSans SDF 1.mat using Guid(417649bb709f61445b0ca48077a702d2) Importer(815301076,1909f56bfc062723c751e8b465ee728b)  -> (artifact id: '0dba98995d68f24212088425760c00be') in 0.042323 seconds 
========================================================================
Received Import Request.
  Time since last request: 227.705187 seconds.
  path: Assets/Scenes/level2.unity
  artifactKey: Guid(32dbc3cd444d4e943b6c5c53e183a67a) Importer(815301076,1909f56bfc062723c751e8b465ee728b)
Start importing Assets/Scenes/level2.unity using Guid(32dbc3cd444d4e943b6c5c53e183a67a) Importer(815301076,1909f56bfc062723c751e8b465ee728b)  -> (artifact id: 'fa9e27c51c6ad46ca288c59a36f4cea3') in 0.022949 seconds 
========================================================================
Received Prepare
Registering precompiled user dll's ...
Registered in 0.004906 seconds.
Begin MonoManager ReloadAssembly
Native extension for WindowsStandalone target not found
Native extension for WebGL target not found
Refreshing native plugins compatible for Editor in 0.64 ms, found 2 plugins.
Preloading 0 native plugins for Editor in 0.00 ms.
Mono: successfully reloaded assembly
- Completed reload, in  1.233 seconds
Platform modules already initialized, skipping
Switching build target platform(19) subTarget(0) extendedPlatform(0) -> platform(13) subTarget(537395200) extendedPlatform(0)
Refreshing native plugins compatible for Editor in 0.67 ms, found 2 plugins.
Preloading 0 native plugins for Editor in 0.00 ms.
Unloading 3366 Unused Serialized files (Serialized files now loaded: 0)
System memory in use before: 132.1 MB.
System memory in use after: 132.2 MB.

Unloading 17 unused Assets to reduce memory usage. Loaded Objects now: 3876.
Total: 3.445000 ms (FindLiveObjects: 0.651500 ms CreateObjectMapping: 0.261700 ms MarkObjects: 2.370400 ms  DeleteObjects: 0.160000 ms)

AssetImportParameters requested are different than current active one (requested -> active):
  custom:graphics/normal-map-encoding: 01000000000000000000000000000000 -> 02000000000000000000000000000000
========================================================================
Received Import Request.
  Time since last request: 100.149969 seconds.
  path: Assets/Scenes/level3.unity
  artifactKey: Guid(f9096fdd0fcd9e740940aff877b1abca) Importer(815301076,1909f56bfc062723c751e8b465ee728b)
Start importing Assets/Scenes/level3.unity using Guid(f9096fdd0fcd9e740940aff877b1abca) Importer(815301076,1909f56bfc062723c751e8b465ee728b)  -> (artifact id: '938078521d8a6d3311dc3616c7aaf6b2') in 0.024389 seconds 
========================================================================
Received Prepare
Registering precompiled user dll's ...
Registered in 0.004037 seconds.
Begin MonoManager ReloadAssembly
Native extension for WindowsStandalone target not found
Native extension for WebGL target not found
Refreshing native plugins compatible for Editor in 0.70 ms, found 2 plugins.
Preloading 0 native plugins for Editor in 0.00 ms.
Mono: successfully reloaded assembly
- Completed reload, in  1.261 seconds
Platform modules already initialized, skipping
Switching build target platform(19) subTarget(0) extendedPlatform(0) -> platform(13) subTarget(537395200) extendedPlatform(0)
Refreshing native plugins compatible for Editor in 0.65 ms, found 2 plugins.
Preloading 0 native plugins for Editor in 0.00 ms.
Unloading 3366 Unused Serialized files (Serialized files now loaded: 0)
System memory in use before: 132.2 MB.
System memory in use after: 132.3 MB.

Unloading 17 unused Assets to reduce memory usage. Loaded Objects now: 3880.
Total: 3.294500 ms (FindLiveObjects: 0.433400 ms CreateObjectMapping: 0.443300 ms MarkObjects: 2.249100 ms  DeleteObjects: 0.167200 ms)

AssetImportParameters requested are different than current active one (requested -> active):
  custom:graphics/normal-map-encoding: 01000000000000000000000000000000 -> 02000000000000000000000000000000
========================================================================
Received Import Request.
  Time since last request: 85.901515 seconds.
  path: Assets/Scenes/level1.unity
  artifactKey: Guid(2cda990e2423bbf4892e6590ba056729) Importer(815301076,1909f56bfc062723c751e8b465ee728b)
Start importing Assets/Scenes/level1.unity using Guid(2cda990e2423bbf4892e6590ba056729) Importer(815301076,1909f56bfc062723c751e8b465ee728b)  -> (artifact id: 'bf4dab0d6ff892d71ec2ab16a6c15f15') in 0.021012 seconds 
========================================================================
Received Prepare
Registering precompiled user dll's ...
Registered in 0.003950 seconds.
Begin MonoManager ReloadAssembly
Native extension for WindowsStandalone target not found
Native extension for WebGL target not found
Refreshing native plugins compatible for Editor in 1.06 ms, found 2 plugins.
Preloading 0 native plugins for Editor in 0.00 ms.
Mono: successfully reloaded assembly
- Completed reload, in  1.287 seconds
Platform modules already initialized, skipping
Switching build target platform(19) subTarget(0) extendedPlatform(0) -> platform(13) subTarget(537395200) extendedPlatform(0)
Refreshing native plugins compatible for Editor in 0.63 ms, found 2 plugins.
Preloading 0 native plugins for Editor in 0.00 ms.
Unloading 3366 Unused Serialized files (Serialized files now loaded: 0)
System memory in use before: 132.2 MB.
System memory in use after: 132.3 MB.

Unloading 17 unused Assets to reduce memory usage. Loaded Objects now: 3884.
Total: 3.067300 ms (FindLiveObjects: 0.310500 ms CreateObjectMapping: 0.220700 ms MarkObjects: 2.250200 ms  DeleteObjects: 0.284500 ms)

AssetImportParameters requested are different than current active one (requested -> active):
  custom:graphics/normal-map-encoding: 01000000000000000000000000000000 -> 02000000000000000000000000000000
========================================================================
Received Import Request.
  Time since last request: 262.030845 seconds.
  path: Assets/Sprites/001-tyrannosaurus rex.png
  artifactKey: Guid(d11d4a5e1465231498bba18eb9b5b56c) Importer(815301076,1909f56bfc062723c751e8b465ee728b)
Start importing Assets/Sprites/001-tyrannosaurus rex.png using Guid(d11d4a5e1465231498bba18eb9b5b56c) Importer(815301076,1909f56bfc062723c751e8b465ee728b)  -> (artifact id: '0faed0abb65f0ef85182f438908c3f23') in 0.155982 seconds 
========================================================================
Received Import Request.
  Time since last request: 204.888520 seconds.
  path: Assets/Scenes/level2.unity
  artifactKey: Guid(32dbc3cd444d4e943b6c5c53e183a67a) Importer(815301076,1909f56bfc062723c751e8b465ee728b)
Start importing Assets/Scenes/level2.unity using Guid(32dbc3cd444d4e943b6c5c53e183a67a) Importer(815301076,1909f56bfc062723c751e8b465ee728b)  -> (artifact id: '3e7958d868d857d0693597ee7afb17c2') in 0.003543 seconds 
========================================================================
Received Import Request.
  Time since last request: 75.589131 seconds.
  path: Assets/Scenes/level3.unity
  artifactKey: Guid(f9096fdd0fcd9e740940aff877b1abca) Importer(815301076,1909f56bfc062723c751e8b465ee728b)
Start importing Assets/Scenes/level3.unity using Guid(f9096fdd0fcd9e740940aff877b1abca) Importer(815301076,1909f56bfc062723c751e8b465ee728b)  -> (artifact id: 'a2095c70ce9f9b5d97dfb3a84bab95f5') in 0.004285 seconds 
========================================================================
Received Prepare
Registering precompiled user dll's ...
Registered in 0.004268 seconds.
Begin MonoManager ReloadAssembly
Native extension for WindowsStandalone target not found
Native extension for WebGL target not found
Refreshing native plugins compatible for Editor in 0.90 ms, found 2 plugins.
Preloading 0 native plugins for Editor in 0.00 ms.
Mono: successfully reloaded assembly
- Completed reload, in  1.348 seconds
Platform modules already initialized, skipping
Switching build target platform(19) subTarget(0) extendedPlatform(0) -> platform(13) subTarget(537395200) extendedPlatform(0)
Refreshing native plugins compatible for Editor in 0.74 ms, found 2 plugins.
Preloading 0 native plugins for Editor in 0.00 ms.
Unloading 3367 Unused Serialized files (Serialized files now loaded: 0)
System memory in use before: 133.0 MB.
System memory in use after: 133.1 MB.

Unloading 17 unused Assets to reduce memory usage. Loaded Objects now: 3906.
Total: 3.017000 ms (FindLiveObjects: 0.302900 ms CreateObjectMapping: 0.196800 ms MarkObjects: 2.402000 ms  DeleteObjects: 0.114500 ms)

AssetImportParameters requested are different than current active one (requested -> active):
  custom:graphics/normal-map-encoding: 01000000000000000000000000000000 -> 02000000000000000000000000000000
========================================================================
Received Prepare
Registering precompiled user dll's ...
Registered in 0.004095 seconds.
Begin MonoManager ReloadAssembly
Native extension for WindowsStandalone target not found
Native extension for WebGL target not found
Refreshing native plugins compatible for Editor in 0.66 ms, found 2 plugins.
Preloading 0 native plugins for Editor in 0.00 ms.
Mono: successfully reloaded assembly
- Completed reload, in  1.307 seconds
Platform modules already initialized, skipping
Switching build target platform(19) subTarget(0) extendedPlatform(0) -> platform(13) subTarget(537395200) extendedPlatform(0)
Refreshing native plugins compatible for Editor in 0.68 ms, found 2 plugins.
Preloading 0 native plugins for Editor in 0.00 ms.
Unloading 3366 Unused Serialized files (Serialized files now loaded: 0)
System memory in use before: 132.9 MB.
System memory in use after: 133.0 MB.

Unloading 17 unused Assets to reduce memory usage. Loaded Objects now: 3910.
Total: 3.483400 ms (FindLiveObjects: 0.421500 ms CreateObjectMapping: 0.407900 ms MarkObjects: 2.485800 ms  DeleteObjects: 0.166600 ms)

AssetImportParameters requested are different than current active one (requested -> active):
  custom:graphics/normal-map-encoding: 01000000000000000000000000000000 -> 02000000000000000000000000000000
========================================================================
Received Prepare
Registering precompiled user dll's ...
Registered in 0.004181 seconds.
Begin MonoManager ReloadAssembly
Native extension for WindowsStandalone target not found
Native extension for WebGL target not found
Refreshing native plugins compatible for Editor in 0.70 ms, found 2 plugins.
Preloading 0 native plugins for Editor in 0.00 ms.
Mono: successfully reloaded assembly
- Completed reload, in  1.339 seconds
Platform modules already initialized, skipping
Switching build target platform(19) subTarget(0) extendedPlatform(0) -> platform(13) subTarget(537395200) extendedPlatform(0)
Refreshing native plugins compatible for Editor in 0.69 ms, found 2 plugins.
Preloading 0 native plugins for Editor in 0.00 ms.
Unloading 3366 Unused Serialized files (Serialized files now loaded: 0)
System memory in use before: 132.9 MB.
System memory in use after: 133.0 MB.

Unloading 17 unused Assets to reduce memory usage. Loaded Objects now: 3914.
Total: 2.853300 ms (FindLiveObjects: 0.352900 ms CreateObjectMapping: 0.191400 ms MarkObjects: 2.153400 ms  DeleteObjects: 0.154600 ms)

AssetImportParameters requested are different than current active one (requested -> active):
  custom:graphics/normal-map-encoding: 01000000000000000000000000000000 -> 02000000000000000000000000000000
========================================================================
Received Import Request.
  Time since last request: 1957.950879 seconds.
  path: Assets/Scenes/level2.unity
  artifactKey: Guid(32dbc3cd444d4e943b6c5c53e183a67a) Importer(815301076,1909f56bfc062723c751e8b465ee728b)
Start importing Assets/Scenes/level2.unity using Guid(32dbc3cd444d4e943b6c5c53e183a67a) Importer(815301076,1909f56bfc062723c751e8b465ee728b)  -> (artifact id: '4e82e08731865f96745a1f5c46195dba') in 0.028269 seconds 
========================================================================
Received Prepare
Registering precompiled user dll's ...
Registered in 0.005135 seconds.
Begin MonoManager ReloadAssembly
Native extension for WindowsStandalone target not found
Native extension for WebGL target not found
Refreshing native plugins compatible for Editor in 0.80 ms, found 2 plugins.
Preloading 0 native plugins for Editor in 0.00 ms.
Mono: successfully reloaded assembly
- Completed reload, in  1.316 seconds
Platform modules already initialized, skipping
Switching build target platform(19) subTarget(0) extendedPlatform(0) -> platform(13) subTarget(537395200) extendedPlatform(0)
Refreshing native plugins compatible for Editor in 0.64 ms, found 2 plugins.
Preloading 0 native plugins for Editor in 0.00 ms.
Unloading 3366 Unused Serialized files (Serialized files now loaded: 0)
System memory in use before: 133.0 MB.
System memory in use after: 133.1 MB.

Unloading 17 unused Assets to reduce memory usage. Loaded Objects now: 3918.
Total: 3.190300 ms (FindLiveObjects: 0.424600 ms CreateObjectMapping: 0.331000 ms MarkObjects: 2.263900 ms  DeleteObjects: 0.169500 ms)

AssetImportParameters requested are different than current active one (requested -> active):
  custom:graphics/normal-map-encoding: 01000000000000000000000000000000 -> 02000000000000000000000000000000
========================================================================
Received Prepare
Registering precompiled user dll's ...
Registered in 0.004256 seconds.
Begin MonoManager ReloadAssembly
Native extension for WindowsStandalone target not found
Native extension for WebGL target not found
Refreshing native plugins compatible for Editor in 0.69 ms, found 2 plugins.
Preloading 0 native plugins for Editor in 0.00 ms.
Mono: successfully reloaded assembly
- Completed reload, in  1.308 seconds
Platform modules already initialized, skipping
Switching build target platform(19) subTarget(0) extendedPlatform(0) -> platform(13) subTarget(537395200) extendedPlatform(0)
Refreshing native plugins compatible for Editor in 0.65 ms, found 2 plugins.
Preloading 0 native plugins for Editor in 0.00 ms.
Unloading 3366 Unused Serialized files (Serialized files now loaded: 0)
System memory in use before: 133.0 MB.
System memory in use after: 133.1 MB.

Unloading 17 unused Assets to reduce memory usage. Loaded Objects now: 3922.
Total: 3.328400 ms (FindLiveObjects: 0.444500 ms CreateObjectMapping: 0.211500 ms MarkObjects: 2.558300 ms  DeleteObjects: 0.112300 ms)

AssetImportParameters requested are different than current active one (requested -> active):
  custom:graphics/normal-map-encoding: 01000000000000000000000000000000 -> 02000000000000000000000000000000
========================================================================
Received Prepare
Registering precompiled user dll's ...
Registered in 0.004671 seconds.
Begin MonoManager ReloadAssembly
Native extension for WindowsStandalone target not found
Native extension for WebGL target not found
Refreshing native plugins compatible for Editor in 0.84 ms, found 2 plugins.
Preloading 0 native plugins for Editor in 0.00 ms.
Mono: successfully reloaded assembly
- Completed reload, in  1.430 seconds
Platform modules already initialized, skipping
Switching build target platform(19) subTarget(0) extendedPlatform(0) -> platform(13) subTarget(537395200) extendedPlatform(0)
Refreshing native plugins compatible for Editor in 0.66 ms, found 2 plugins.
Preloading 0 native plugins for Editor in 0.00 ms.
Unloading 3366 Unused Serialized files (Serialized files now loaded: 0)
System memory in use before: 133.0 MB.
System memory in use after: 133.1 MB.

Unloading 17 unused Assets to reduce memory usage. Loaded Objects now: 3926.
Total: 3.364300 ms (FindLiveObjects: 0.461600 ms CreateObjectMapping: 0.238300 ms MarkObjects: 2.459000 ms  DeleteObjects: 0.204200 ms)

AssetImportParameters requested are different than current active one (requested -> active):
  custom:graphics/normal-map-encoding: 01000000000000000000000000000000 -> 02000000000000000000000000000000
========================================================================
Received Import Request.
  Time since last request: 316.383861 seconds.
  path: Assets/Scenes/level1.unity
  artifactKey: Guid(2cda990e2423bbf4892e6590ba056729) Importer(815301076,1909f56bfc062723c751e8b465ee728b)
Start importing Assets/Scenes/level1.unity using Guid(2cda990e2423bbf4892e6590ba056729) Importer(815301076,1909f56bfc062723c751e8b465ee728b)  -> (artifact id: '9d71d7540bdd779c7f27517b38e0a477') in 0.026793 seconds 
========================================================================
Received Prepare
Registering precompiled user dll's ...
Registered in 0.004164 seconds.
Begin MonoManager ReloadAssembly
Native extension for WindowsStandalone target not found
Native extension for WebGL target not found
Refreshing native plugins compatible for Editor in 0.79 ms, found 2 plugins.
Preloading 0 native plugins for Editor in 0.00 ms.
Mono: successfully reloaded assembly
- Completed reload, in  1.428 seconds
Platform modules already initialized, skipping
Switching build target platform(19) subTarget(0) extendedPlatform(0) -> platform(13) subTarget(537395200) extendedPlatform(0)
Refreshing native plugins compatible for Editor in 0.69 ms, found 2 plugins.
Preloading 0 native plugins for Editor in 0.00 ms.
Unloading 3366 Unused Serialized files (Serialized files now loaded: 0)
System memory in use before: 133.0 MB.
System memory in use after: 133.1 MB.

Unloading 17 unused Assets to reduce memory usage. Loaded Objects now: 3930.
Total: 4.158300 ms (FindLiveObjects: 0.716400 ms CreateObjectMapping: 0.402600 ms MarkObjects: 2.838900 ms  DeleteObjects: 0.199200 ms)

AssetImportParameters requested are different than current active one (requested -> active):
  custom:graphics/normal-map-encoding: 01000000000000000000000000000000 -> 02000000000000000000000000000000
========================================================================
Received Import Request.
  Time since last request: 2227.298661 seconds.
  path: Assets/Scenes/home.unity
  artifactKey: Guid(2515a5d70b08adc469a6309830c1cd24) Importer(815301076,1909f56bfc062723c751e8b465ee728b)
Start importing Assets/Scenes/home.unity using Guid(2515a5d70b08adc469a6309830c1cd24) Importer(815301076,1909f56bfc062723c751e8b465ee728b)  -> (artifact id: 'ffb458bf88548739e7dd40c8190251ca') in 0.031250 seconds 
========================================================================
Received Prepare
Registering precompiled user dll's ...
Registered in 0.004849 seconds.
Begin MonoManager ReloadAssembly
Native extension for WindowsStandalone target not found
Native extension for WebGL target not found
Refreshing native plugins compatible for Editor in 0.65 ms, found 2 plugins.
Preloading 0 native plugins for Editor in 0.00 ms.
Mono: successfully reloaded assembly
- Completed reload, in  1.247 seconds
Platform modules already initialized, skipping
Switching build target platform(19) subTarget(0) extendedPlatform(0) -> platform(13) subTarget(537395200) extendedPlatform(0)
Refreshing native plugins compatible for Editor in 0.64 ms, found 2 plugins.
Preloading 0 native plugins for Editor in 0.00 ms.
Unloading 3366 Unused Serialized files (Serialized files now loaded: 0)
System memory in use before: 133.0 MB.
System memory in use after: 133.1 MB.

Unloading 17 unused Assets to reduce memory usage. Loaded Objects now: 3934.
Total: 3.452800 ms (FindLiveObjects: 0.425000 ms CreateObjectMapping: 0.336000 ms MarkObjects: 2.498300 ms  DeleteObjects: 0.192800 ms)

AssetImportParameters requested are different than current active one (requested -> active):
  custom:graphics/normal-map-encoding: 01000000000000000000000000000000 -> 02000000000000000000000000000000
========================================================================
Received Import Request.
  Time since last request: 181.648338 seconds.
  path: Assets/Songs/mrthenoronha__tribal-game-theme-loop.wav
  artifactKey: Guid(266eb07da010f004b9ee79e07e64b8a4) Importer(815301076,1909f56bfc062723c751e8b465ee728b)
Start importing Assets/Songs/mrthenoronha__tribal-game-theme-loop.wav using Guid(266eb07da010f004b9ee79e07e64b8a4) Importer(815301076,1909f56bfc062723c751e8b465ee728b)  -> (artifact id: 'e9664331a446f9b3f50aa11c193118fd') in 0.108213 seconds 
========================================================================
Received Prepare
Registering precompiled user dll's ...
Registered in 0.004482 seconds.
Begin MonoManager ReloadAssembly
Native extension for WindowsStandalone target not found
Native extension for WebGL target not found
Refreshing native plugins compatible for Editor in 0.81 ms, found 2 plugins.
Preloading 0 native plugins for Editor in 0.00 ms.
Mono: successfully reloaded assembly
- Completed reload, in  1.245 seconds
Platform modules already initialized, skipping
Switching build target platform(19) subTarget(0) extendedPlatform(0) -> platform(13) subTarget(537395200) extendedPlatform(0)
Refreshing native plugins compatible for Editor in 0.70 ms, found 2 plugins.
Preloading 0 native plugins for Editor in 0.00 ms.
Unloading 3366 Unused Serialized files (Serialized files now loaded: 0)
System memory in use before: 133.1 MB.
System memory in use after: 133.2 MB.

Unloading 17 unused Assets to reduce memory usage. Loaded Objects now: 3941.
Total: 3.376000 ms (FindLiveObjects: 0.324400 ms CreateObjectMapping: 0.240200 ms MarkObjects: 2.697200 ms  DeleteObjects: 0.113200 ms)

AssetImportParameters requested are different than current active one (requested -> active):
  custom:graphics/normal-map-encoding: 01000000000000000000000000000000 -> 02000000000000000000000000000000
========================================================================
Received Prepare
Registering precompiled user dll's ...
Registered in 0.008008 seconds.
Begin MonoManager ReloadAssembly
Native extension for WindowsStandalone target not found
Native extension for WebGL target not found
Refreshing native plugins compatible for Editor in 0.89 ms, found 2 plugins.
Preloading 0 native plugins for Editor in 0.00 ms.
Mono: successfully reloaded assembly
- Completed reload, in  1.747 seconds
Platform modules already initialized, skipping
Switching build target platform(19) subTarget(0) extendedPlatform(0) -> platform(13) subTarget(537395200) extendedPlatform(0)
Refreshing native plugins compatible for Editor in 0.82 ms, found 2 plugins.
Preloading 0 native plugins for Editor in 0.00 ms.
Unloading 3367 Unused Serialized files (Serialized files now loaded: 0)
System memory in use before: 133.1 MB.
System memory in use after: 133.2 MB.

Unloading 17 unused Assets to reduce memory usage. Loaded Objects now: 3946.
Total: 4.732900 ms (FindLiveObjects: 0.403500 ms CreateObjectMapping: 0.961000 ms MarkObjects: 3.234400 ms  DeleteObjects: 0.132700 ms)

AssetImportParameters requested are different than current active one (requested -> active):
  custom:graphics/normal-map-encoding: 01000000000000000000000000000000 -> 02000000000000000000000000000000
========================================================================
Received Prepare
Registering precompiled user dll's ...
Registered in 0.004145 seconds.
Begin MonoManager ReloadAssembly
Native extension for WindowsStandalone target not found
Native extension for WebGL target not found
Refreshing native plugins compatible for Editor in 0.64 ms, found 2 plugins.
Preloading 0 native plugins for Editor in 0.00 ms.
Mono: successfully reloaded assembly
- Completed reload, in  1.307 seconds
Platform modules already initialized, skipping
Switching build target platform(19) subTarget(0) extendedPlatform(0) -> platform(13) subTarget(537395200) extendedPlatform(0)
Refreshing native plugins compatible for Editor in 0.77 ms, found 2 plugins.
Preloading 0 native plugins for Editor in 0.00 ms.
Unloading 3367 Unused Serialized files (Serialized files now loaded: 0)
System memory in use before: 133.1 MB.
System memory in use after: 133.2 MB.

Unloading 17 unused Assets to reduce memory usage. Loaded Objects now: 3950.
Total: 3.063900 ms (FindLiveObjects: 0.325700 ms CreateObjectMapping: 0.160800 ms MarkObjects: 2.391200 ms  DeleteObjects: 0.185200 ms)

AssetImportParameters requested are different than current active one (requested -> active):
  custom:graphics/normal-map-encoding: 01000000000000000000000000000000 -> 02000000000000000000000000000000
========================================================================
Received Prepare
Registering precompiled user dll's ...
Registered in 0.003900 seconds.
Begin MonoManager ReloadAssembly
Native extension for WindowsStandalone target not found
Native extension for WebGL target not found
Refreshing native plugins compatible for Editor in 0.68 ms, found 2 plugins.
Preloading 0 native plugins for Editor in 0.00 ms.
Mono: successfully reloaded assembly
- Completed reload, in  1.344 seconds
Platform modules already initialized, skipping
Switching build target platform(19) subTarget(0) extendedPlatform(0) -> platform(13) subTarget(537395200) extendedPlatform(0)
Refreshing native plugins compatible for Editor in 0.73 ms, found 2 plugins.
Preloading 0 native plugins for Editor in 0.00 ms.
Unloading 3367 Unused Serialized files (Serialized files now loaded: 0)
System memory in use before: 133.1 MB.
System memory in use after: 133.2 MB.

Unloading 17 unused Assets to reduce memory usage. Loaded Objects now: 3954.
Total: 3.056800 ms (FindLiveObjects: 0.296500 ms CreateObjectMapping: 0.188900 ms MarkObjects: 2.457400 ms  DeleteObjects: 0.113100 ms)

AssetImportParameters requested are different than current active one (requested -> active):
  custom:graphics/normal-map-encoding: 01000000000000000000000000000000 -> 02000000000000000000000000000000
========================================================================
Received Import Request.
  Time since last request: 133.930654 seconds.
  path: Assets/Scripts/musicControl.cs
  artifactKey: Guid(62f09ffe2ecb73341b2e1087d46b03fc) Importer(815301076,1909f56bfc062723c751e8b465ee728b)
Start importing Assets/Scripts/musicControl.cs using Guid(62f09ffe2ecb73341b2e1087d46b03fc) Importer(815301076,1909f56bfc062723c751e8b465ee728b)  -> (artifact id: '6ef7cce46f92d4aa979645e1626307e0') in 0.023883 seconds 
========================================================================
Received Prepare
Registering precompiled user dll's ...
Registered in 0.003946 seconds.
Begin MonoManager ReloadAssembly
Native extension for WindowsStandalone target not found
Native extension for WebGL target not found
Refreshing native plugins compatible for Editor in 0.75 ms, found 2 plugins.
Preloading 0 native plugins for Editor in 0.00 ms.
Mono: successfully reloaded assembly
- Completed reload, in  1.286 seconds
Platform modules already initialized, skipping
Switching build target platform(19) subTarget(0) extendedPlatform(0) -> platform(13) subTarget(537395200) extendedPlatform(0)
Refreshing native plugins compatible for Editor in 0.67 ms, found 2 plugins.
Preloading 0 native plugins for Editor in 0.00 ms.
Unloading 3367 Unused Serialized files (Serialized files now loaded: 0)
System memory in use before: 133.1 MB.
System memory in use after: 133.2 MB.

Unloading 17 unused Assets to reduce memory usage. Loaded Objects now: 3958.
Total: 3.374900 ms (FindLiveObjects: 0.398400 ms CreateObjectMapping: 0.214800 ms MarkObjects: 2.597000 ms  DeleteObjects: 0.163700 ms)

AssetImportParameters requested are different than current active one (requested -> active):
  custom:graphics/normal-map-encoding: 01000000000000000000000000000000 -> 02000000000000000000000000000000
========================================================================
Received Import Request.
  Time since last request: 94.672282 seconds.
  path: Assets/Scripts/musicControl.cs
  artifactKey: Guid(62f09ffe2ecb73341b2e1087d46b03fc) Importer(815301076,1909f56bfc062723c751e8b465ee728b)
Start importing Assets/Scripts/musicControl.cs using Guid(62f09ffe2ecb73341b2e1087d46b03fc) Importer(815301076,1909f56bfc062723c751e8b465ee728b)  -> (artifact id: '91138ea812dc6952c63bd292d1691d53') in 0.006629 seconds 
========================================================================
Received Prepare
Registering precompiled user dll's ...
Registered in 0.004191 seconds.
Begin MonoManager ReloadAssembly
Native extension for WindowsStandalone target not found
Native extension for WebGL target not found
Refreshing native plugins compatible for Editor in 0.79 ms, found 2 plugins.
Preloading 0 native plugins for Editor in 0.00 ms.
Mono: successfully reloaded assembly
- Completed reload, in  1.333 seconds
Platform modules already initialized, skipping
Switching build target platform(19) subTarget(0) extendedPlatform(0) -> platform(13) subTarget(537395200) extendedPlatform(0)
Refreshing native plugins compatible for Editor in 0.71 ms, found 2 plugins.
Preloading 0 native plugins for Editor in 0.00 ms.
Unloading 3367 Unused Serialized files (Serialized files now loaded: 0)
System memory in use before: 133.1 MB.
System memory in use after: 133.3 MB.

Unloading 17 unused Assets to reduce memory usage. Loaded Objects now: 3962.
Total: 3.445900 ms (FindLiveObjects: 0.327500 ms CreateObjectMapping: 0.218000 ms MarkObjects: 2.779200 ms  DeleteObjects: 0.120200 ms)

AssetImportParameters requested are different than current active one (requested -> active):
  custom:graphics/normal-map-encoding: 01000000000000000000000000000000 -> 02000000000000000000000000000000
========================================================================
Received Prepare
Registering precompiled user dll's ...
Registered in 0.004302 seconds.
Begin MonoManager ReloadAssembly
Native extension for WindowsStandalone target not found
Native extension for WebGL target not found
Refreshing native plugins compatible for Editor in 0.64 ms, found 2 plugins.
Preloading 0 native plugins for Editor in 0.00 ms.
Mono: successfully reloaded assembly
- Completed reload, in  1.348 seconds
Platform modules already initialized, skipping
Switching build target platform(19) subTarget(0) extendedPlatform(0) -> platform(13) subTarget(537395200) extendedPlatform(0)
Refreshing native plugins compatible for Editor in 0.63 ms, found 2 plugins.
Preloading 0 native plugins for Editor in 0.00 ms.
Unloading 3367 Unused Serialized files (Serialized files now loaded: 0)
System memory in use before: 133.2 MB.
System memory in use after: 133.3 MB.

Unloading 17 unused Assets to reduce memory usage. Loaded Objects now: 3966.
Total: 2.939300 ms (FindLiveObjects: 0.313000 ms CreateObjectMapping: 0.206700 ms MarkObjects: 2.238100 ms  DeleteObjects: 0.180500 ms)

AssetImportParameters requested are different than current active one (requested -> active):
  custom:graphics/normal-map-encoding: 01000000000000000000000000000000 -> 02000000000000000000000000000000
========================================================================
Received Prepare
Registering precompiled user dll's ...
Registered in 0.004690 seconds.
Begin MonoManager ReloadAssembly
Native extension for WindowsStandalone target not found
Native extension for WebGL target not found
Refreshing native plugins compatible for Editor in 0.71 ms, found 2 plugins.
Preloading 0 native plugins for Editor in 0.00 ms.
Mono: successfully reloaded assembly
- Completed reload, in  1.419 seconds
Platform modules already initialized, skipping
Switching build target platform(19) subTarget(0) extendedPlatform(0) -> platform(13) subTarget(537395200) extendedPlatform(0)
Refreshing native plugins compatible for Editor in 0.97 ms, found 2 plugins.
Preloading 0 native plugins for Editor in 0.00 ms.
Unloading 3367 Unused Serialized files (Serialized files now loaded: 0)
System memory in use before: 133.2 MB.
System memory in use after: 133.3 MB.

Unloading 17 unused Assets to reduce memory usage. Loaded Objects now: 3970.
Total: 3.550400 ms (FindLiveObjects: 0.396800 ms CreateObjectMapping: 0.211500 ms MarkObjects: 2.773900 ms  DeleteObjects: 0.167300 ms)

AssetImportParameters requested are different than current active one (requested -> active):
  custom:graphics/normal-map-encoding: 01000000000000000000000000000000 -> 02000000000000000000000000000000
========================================================================
Received Import Request.
  Time since last request: 656.565502 seconds.
  path: Assets/Sprites/019-fossil.png
  artifactKey: Guid(d2f9368f90a81fc4dac24c1c30b6da05) Importer(815301076,1909f56bfc062723c751e8b465ee728b)
Start importing Assets/Sprites/019-fossil.png using Guid(d2f9368f90a81fc4dac24c1c30b6da05) Importer(815301076,1909f56bfc062723c751e8b465ee728b)  -> (artifact id: '29e763a5da5adc14ae313d5e04ac8a33') in 0.087388 seconds 
========================================================================
Received Import Request.
  Time since last request: 970.809780 seconds.
  path: Assets/Scenes/level2.unity
  artifactKey: Guid(32dbc3cd444d4e943b6c5c53e183a67a) Importer(815301076,1909f56bfc062723c751e8b465ee728b)
Start importing Assets/Scenes/level2.unity using Guid(32dbc3cd444d4e943b6c5c53e183a67a) Importer(815301076,1909f56bfc062723c751e8b465ee728b)  -> (artifact id: '8c1988c31c770860d552c29a767c7a4f') in 0.011178 seconds 
========================================================================
Received Prepare
Registering precompiled user dll's ...
Registered in 0.004279 seconds.
Begin MonoManager ReloadAssembly
Native extension for WindowsStandalone target not found
Native extension for WebGL target not found
Refreshing native plugins compatible for Editor in 0.76 ms, found 2 plugins.
Preloading 0 native plugins for Editor in 0.00 ms.
Mono: successfully reloaded assembly
- Completed reload, in  1.387 seconds
Platform modules already initialized, skipping
Switching build target platform(19) subTarget(0) extendedPlatform(0) -> platform(13) subTarget(537395200) extendedPlatform(0)
Refreshing native plugins compatible for Editor in 0.63 ms, found 2 plugins.
Preloading 0 native plugins for Editor in 0.00 ms.
Unloading 3368 Unused Serialized files (Serialized files now loaded: 0)
System memory in use before: 133.9 MB.
System memory in use after: 134.0 MB.

Unloading 17 unused Assets to reduce memory usage. Loaded Objects now: 3990.
Total: 3.119100 ms (FindLiveObjects: 0.291900 ms CreateObjectMapping: 0.174600 ms MarkObjects: 2.425600 ms  DeleteObjects: 0.225900 ms)

AssetImportParameters requested are different than current active one (requested -> active):
  custom:graphics/normal-map-encoding: 01000000000000000000000000000000 -> 02000000000000000000000000000000
========================================================================
Received Prepare
Registering precompiled user dll's ...
Registered in 0.004032 seconds.
Begin MonoManager ReloadAssembly
Native extension for WindowsStandalone target not found
Native extension for WebGL target not found
Refreshing native plugins compatible for Editor in 1.03 ms, found 2 plugins.
Preloading 0 native plugins for Editor in 0.00 ms.
Mono: successfully reloaded assembly
- Completed reload, in  1.392 seconds
Platform modules already initialized, skipping
Switching build target platform(19) subTarget(0) extendedPlatform(0) -> platform(13) subTarget(537395200) extendedPlatform(0)
Refreshing native plugins compatible for Editor in 0.66 ms, found 2 plugins.
Preloading 0 native plugins for Editor in 0.00 ms.
Unloading 3367 Unused Serialized files (Serialized files now loaded: 0)
System memory in use before: 133.8 MB.
System memory in use after: 134.0 MB.

Unloading 17 unused Assets to reduce memory usage. Loaded Objects now: 3994.
Total: 2.966600 ms (FindLiveObjects: 0.288600 ms CreateObjectMapping: 0.180200 ms MarkObjects: 2.337000 ms  DeleteObjects: 0.159800 ms)

AssetImportParameters requested are different than current active one (requested -> active):
  custom:graphics/normal-map-encoding: 01000000000000000000000000000000 -> 02000000000000000000000000000000
========================================================================
Received Import Request.
  Time since last request: 50.648464 seconds.
  path: Assets/Scenes/level3.unity
  artifactKey: Guid(f9096fdd0fcd9e740940aff877b1abca) Importer(815301076,1909f56bfc062723c751e8b465ee728b)
Start importing Assets/Scenes/level3.unity using Guid(f9096fdd0fcd9e740940aff877b1abca) Importer(815301076,1909f56bfc062723c751e8b465ee728b)  -> (artifact id: 'fcf68a8b762468579cab775aa98ba9ab') in 0.017313 seconds 
========================================================================
Received Import Request.
  Time since last request: 167.878701 seconds.
  path: Assets/Scenes/level1.unity
  artifactKey: Guid(2cda990e2423bbf4892e6590ba056729) Importer(815301076,1909f56bfc062723c751e8b465ee728b)
Start importing Assets/Scenes/level1.unity using Guid(2cda990e2423bbf4892e6590ba056729) Importer(815301076,1909f56bfc062723c751e8b465ee728b)  -> (artifact id: '16dfed19afba86b47c494f5d308dc172') in 0.010558 seconds 
========================================================================
Received Prepare
Registering precompiled user dll's ...
Registered in 0.004274 seconds.
Begin MonoManager ReloadAssembly
Native extension for WindowsStandalone target not found
Native extension for WebGL target not found
Refreshing native plugins compatible for Editor in 0.70 ms, found 2 plugins.
Preloading 0 native plugins for Editor in 0.00 ms.
Mono: successfully reloaded assembly
- Completed reload, in  1.421 seconds
Platform modules already initialized, skipping
Switching build target platform(19) subTarget(0) extendedPlatform(0) -> platform(13) subTarget(537395200) extendedPlatform(0)
Refreshing native plugins compatible for Editor in 0.63 ms, found 2 plugins.
Preloading 0 native plugins for Editor in 0.00 ms.
Unloading 3367 Unused Serialized files (Serialized files now loaded: 0)
System memory in use before: 133.9 MB.
System memory in use after: 134.0 MB.

Unloading 17 unused Assets to reduce memory usage. Loaded Objects now: 3998.
Total: 3.197100 ms (FindLiveObjects: 0.276100 ms CreateObjectMapping: 0.166500 ms MarkObjects: 2.586000 ms  DeleteObjects: 0.167700 ms)

AssetImportParameters requested are different than current active one (requested -> active):
  custom:graphics/normal-map-encoding: 01000000000000000000000000000000 -> 02000000000000000000000000000000
========================================================================
Received Prepare
Registering precompiled user dll's ...
Registered in 0.004031 seconds.
Begin MonoManager ReloadAssembly
Native extension for WindowsStandalone target not found
Native extension for WebGL target not found
Refreshing native plugins compatible for Editor in 0.67 ms, found 2 plugins.
Preloading 0 native plugins for Editor in 0.00 ms.
Mono: successfully reloaded assembly
- Completed reload, in  1.295 seconds
Platform modules already initialized, skipping
Switching build target platform(19) subTarget(0) extendedPlatform(0) -> platform(13) subTarget(537395200) extendedPlatform(0)
Refreshing native plugins compatible for Editor in 0.67 ms, found 2 plugins.
Preloading 0 native plugins for Editor in 0.00 ms.
Unloading 3367 Unused Serialized files (Serialized files now loaded: 0)
System memory in use before: 133.9 MB.
System memory in use after: 134.0 MB.

Unloading 17 unused Assets to reduce memory usage. Loaded Objects now: 4002.
Total: 3.104100 ms (FindLiveObjects: 0.290100 ms CreateObjectMapping: 0.173900 ms MarkObjects: 2.535100 ms  DeleteObjects: 0.104200 ms)

AssetImportParameters requested are different than current active one (requested -> active):
  custom:graphics/normal-map-encoding: 01000000000000000000000000000000 -> 02000000000000000000000000000000
========================================================================
Received Import Request.
  Time since last request: 157.592977 seconds.
  path: Assets/Scenes/level2.unity
  artifactKey: Guid(32dbc3cd444d4e943b6c5c53e183a67a) Importer(815301076,1909f56bfc062723c751e8b465ee728b)
Start importing Assets/Scenes/level2.unity using Guid(32dbc3cd444d4e943b6c5c53e183a67a) Importer(815301076,1909f56bfc062723c751e8b465ee728b)  -> (artifact id: '2acf942f9b3123a72b0f5708255f5c5e') in 0.014848 seconds 
========================================================================
Received Import Request.
  Time since last request: 1.760835 seconds.
  path: Assets/Scenes/home.unity
  artifactKey: Guid(2515a5d70b08adc469a6309830c1cd24) Importer(815301076,1909f56bfc062723c751e8b465ee728b)
Start importing Assets/Scenes/home.unity using Guid(2515a5d70b08adc469a6309830c1cd24) Importer(815301076,1909f56bfc062723c751e8b465ee728b)  -> (artifact id: '3b86d7a32f3c308681f252d167645cbf') in 0.004294 seconds 
========================================================================
Received Prepare
Registering precompiled user dll's ...
Registered in 0.004106 seconds.
Begin MonoManager ReloadAssembly
Native extension for WindowsStandalone target not found
Native extension for WebGL target not found
Refreshing native plugins compatible for Editor in 0.63 ms, found 2 plugins.
Preloading 0 native plugins for Editor in 0.00 ms.
Mono: successfully reloaded assembly
- Completed reload, in  1.438 seconds
Platform modules already initialized, skipping
Switching build target platform(19) subTarget(0) extendedPlatform(0) -> platform(13) subTarget(537395200) extendedPlatform(0)
Refreshing native plugins compatible for Editor in 0.91 ms, found 2 plugins.
Preloading 0 native plugins for Editor in 0.00 ms.
Unloading 3367 Unused Serialized files (Serialized files now loaded: 0)
System memory in use before: 133.9 MB.
System memory in use after: 134.0 MB.

Unloading 17 unused Assets to reduce memory usage. Loaded Objects now: 4006.
Total: 3.220900 ms (FindLiveObjects: 0.352800 ms CreateObjectMapping: 0.226600 ms MarkObjects: 2.533400 ms  DeleteObjects: 0.107300 ms)

AssetImportParameters requested are different than current active one (requested -> active):
  custom:graphics/normal-map-encoding: 01000000000000000000000000000000 -> 02000000000000000000000000000000
========================================================================
Received Import Request.
  Time since last request: 70.203820 seconds.
  path: Assets/Scenes/level2.unity
  artifactKey: Guid(32dbc3cd444d4e943b6c5c53e183a67a) Importer(815301076,1909f56bfc062723c751e8b465ee728b)
Start importing Assets/Scenes/level2.unity using Guid(32dbc3cd444d4e943b6c5c53e183a67a) Importer(815301076,1909f56bfc062723c751e8b465ee728b)  -> (artifact id: 'e495120840c96db7e538ab5acd9e619b') in 0.016872 seconds 
========================================================================
Received Prepare
Registering precompiled user dll's ...
Registered in 0.004144 seconds.
Begin MonoManager ReloadAssembly
Native extension for WindowsStandalone target not found
Native extension for WebGL target not found
Refreshing native plugins compatible for Editor in 0.63 ms, found 2 plugins.
Preloading 0 native plugins for Editor in 0.00 ms.
Mono: successfully reloaded assembly
- Completed reload, in  1.387 seconds
Platform modules already initialized, skipping
Switching build target platform(19) subTarget(0) extendedPlatform(0) -> platform(13) subTarget(537395200) extendedPlatform(0)
Refreshing native plugins compatible for Editor in 0.64 ms, found 2 plugins.
Preloading 0 native plugins for Editor in 0.00 ms.
Unloading 3367 Unused Serialized files (Serialized files now loaded: 0)
System memory in use before: 134.4 MB.
System memory in use after: 134.5 MB.

Unloading 17 unused Assets to reduce memory usage. Loaded Objects now: 4010.
Total: 3.109500 ms (FindLiveObjects: 0.360000 ms CreateObjectMapping: 0.178300 ms MarkObjects: 2.396600 ms  DeleteObjects: 0.173900 ms)

AssetImportParameters requested are different than current active one (requested -> active):
  custom:graphics/normal-map-encoding: 01000000000000000000000000000000 -> 02000000000000000000000000000000
========================================================================
Received Import Request.
  Time since last request: 105.989610 seconds.
  path: Assets/Scenes/level3.unity
  artifactKey: Guid(f9096fdd0fcd9e740940aff877b1abca) Importer(815301076,1909f56bfc062723c751e8b465ee728b)
Start importing Assets/Scenes/level3.unity using Guid(f9096fdd0fcd9e740940aff877b1abca) Importer(815301076,1909f56bfc062723c751e8b465ee728b)  -> (artifact id: 'e1505f6142e37acda57256e81cc8ec1f') in 0.016509 seconds 
========================================================================
Received Prepare
Registering precompiled user dll's ...
Registered in 0.004419 seconds.
Begin MonoManager ReloadAssembly
Native extension for WindowsStandalone target not found
Native extension for WebGL target not found
Refreshing native plugins compatible for Editor in 0.79 ms, found 2 plugins.
Preloading 0 native plugins for Editor in 0.00 ms.
Mono: successfully reloaded assembly
- Completed reload, in  1.406 seconds
Platform modules already initialized, skipping
Switching build target platform(19) subTarget(0) extendedPlatform(0) -> platform(13) subTarget(537395200) extendedPlatform(0)
Refreshing native plugins compatible for Editor in 0.67 ms, found 2 plugins.
Preloading 0 native plugins for Editor in 0.00 ms.
Unloading 3367 Unused Serialized files (Serialized files now loaded: 0)
System memory in use before: 134.4 MB.
System memory in use after: 134.6 MB.

Unloading 17 unused Assets to reduce memory usage. Loaded Objects now: 4014.
Total: 3.505600 ms (FindLiveObjects: 0.547300 ms CreateObjectMapping: 0.325800 ms MarkObjects: 2.466000 ms  DeleteObjects: 0.165500 ms)

AssetImportParameters requested are different than current active one (requested -> active):
  custom:graphics/normal-map-encoding: 01000000000000000000000000000000 -> 02000000000000000000000000000000
========================================================================
Received Prepare
Registering precompiled user dll's ...
Registered in 0.004712 seconds.
Begin MonoManager ReloadAssembly
Native extension for WindowsStandalone target not found
Native extension for WebGL target not found
Refreshing native plugins compatible for Editor in 0.69 ms, found 2 plugins.
Preloading 0 native plugins for Editor in 0.00 ms.
Mono: successfully reloaded assembly
- Completed reload, in  1.424 seconds
Platform modules already initialized, skipping
Switching build target platform(19) subTarget(0) extendedPlatform(0) -> platform(13) subTarget(537395200) extendedPlatform(0)
Refreshing native plugins compatible for Editor in 0.62 ms, found 2 plugins.
Preloading 0 native plugins for Editor in 0.00 ms.
Unloading 3367 Unused Serialized files (Serialized files now loaded: 0)
System memory in use before: 134.5 MB.
System memory in use after: 134.6 MB.

Unloading 17 unused Assets to reduce memory usage. Loaded Objects now: 4018.
Total: 3.082500 ms (FindLiveObjects: 0.409400 ms CreateObjectMapping: 0.227600 ms MarkObjects: 2.271300 ms  DeleteObjects: 0.173300 ms)

AssetImportParameters requested are different than current active one (requested -> active):
  custom:graphics/normal-map-encoding: 01000000000000000000000000000000 -> 02000000000000000000000000000000
========================================================================
Received Prepare
Registering precompiled user dll's ...
Registered in 0.004562 seconds.
Begin MonoManager ReloadAssembly
Native extension for WindowsStandalone target not found
Native extension for WebGL target not found
Refreshing native plugins compatible for Editor in 0.77 ms, found 2 plugins.
Preloading 0 native plugins for Editor in 0.00 ms.
Mono: successfully reloaded assembly
- Completed reload, in  1.740 seconds
Platform modules already initialized, skipping
Switching build target platform(19) subTarget(0) extendedPlatform(0) -> platform(13) subTarget(537395200) extendedPlatform(0)
Refreshing native plugins compatible for Editor in 0.93 ms, found 2 plugins.
Preloading 0 native plugins for Editor in 0.00 ms.
Unloading 3367 Unused Serialized files (Serialized files now loaded: 0)
System memory in use before: 134.5 MB.
System memory in use after: 134.6 MB.

Unloading 17 unused Assets to reduce memory usage. Loaded Objects now: 4022.
Total: 3.568700 ms (FindLiveObjects: 0.355000 ms CreateObjectMapping: 0.232800 ms MarkObjects: 2.858200 ms  DeleteObjects: 0.121400 ms)

AssetImportParameters requested are different than current active one (requested -> active):
  custom:graphics/normal-map-encoding: 01000000000000000000000000000000 -> 02000000000000000000000000000000
========================================================================
Received Import Request.
  Time since last request: 251.455649 seconds.
  path: Assets/Scripts/gamecontrol.cs
  artifactKey: Guid(bb4877f79f40f3347be97afe79beb5c6) Importer(815301076,1909f56bfc062723c751e8b465ee728b)
Start importing Assets/Scripts/gamecontrol.cs using Guid(bb4877f79f40f3347be97afe79beb5c6) Importer(815301076,1909f56bfc062723c751e8b465ee728b)  -> (artifact id: '2db01cef2307bb74859464430a0edaf8') in 0.015370 seconds 
========================================================================
Received Prepare
Registering precompiled user dll's ...
Registered in 0.004535 seconds.
Begin MonoManager ReloadAssembly
Native extension for WindowsStandalone target not found
Native extension for WebGL target not found
Refreshing native plugins compatible for Editor in 0.71 ms, found 2 plugins.
Preloading 0 native plugins for Editor in 0.00 ms.
Mono: successfully reloaded assembly
- Completed reload, in  1.501 seconds
Platform modules already initialized, skipping
Switching build target platform(19) subTarget(0) extendedPlatform(0) -> platform(13) subTarget(537395200) extendedPlatform(0)
Refreshing native plugins compatible for Editor in 0.67 ms, found 2 plugins.
Preloading 0 native plugins for Editor in 0.00 ms.
Unloading 3367 Unused Serialized files (Serialized files now loaded: 0)
System memory in use before: 134.5 MB.
System memory in use after: 134.6 MB.

Unloading 17 unused Assets to reduce memory usage. Loaded Objects now: 4026.
Total: 3.375500 ms (FindLiveObjects: 0.335000 ms CreateObjectMapping: 0.247100 ms MarkObjects: 2.659000 ms  DeleteObjects: 0.133200 ms)

AssetImportParameters requested are different than current active one (requested -> active):
  custom:graphics/normal-map-encoding: 01000000000000000000000000000000 -> 02000000000000000000000000000000
========================================================================
Received Import Request.
  Time since last request: 42.915752 seconds.
  path: Assets/Scripts/gamecontrol.cs
  artifactKey: Guid(bb4877f79f40f3347be97afe79beb5c6) Importer(815301076,1909f56bfc062723c751e8b465ee728b)
Start importing Assets/Scripts/gamecontrol.cs using Guid(bb4877f79f40f3347be97afe79beb5c6) Importer(815301076,1909f56bfc062723c751e8b465ee728b)  -> (artifact id: 'c31b53188bd308c5da48f074b7b7c653') in 0.007220 seconds 
========================================================================
Received Prepare
Registering precompiled user dll's ...
Registered in 0.004049 seconds.
Begin MonoManager ReloadAssembly
Native extension for WindowsStandalone target not found
Native extension for WebGL target not found
Refreshing native plugins compatible for Editor in 0.66 ms, found 2 plugins.
Preloading 0 native plugins for Editor in 0.00 ms.
Mono: successfully reloaded assembly
- Completed reload, in  1.449 seconds
Platform modules already initialized, skipping
Switching build target platform(19) subTarget(0) extendedPlatform(0) -> platform(13) subTarget(537395200) extendedPlatform(0)
Refreshing native plugins compatible for Editor in 0.67 ms, found 2 plugins.
Preloading 0 native plugins for Editor in 0.00 ms.
Unloading 3367 Unused Serialized files (Serialized files now loaded: 0)
System memory in use before: 134.5 MB.
System memory in use after: 134.6 MB.

Unloading 17 unused Assets to reduce memory usage. Loaded Objects now: 4030.
Total: 3.183200 ms (FindLiveObjects: 0.322900 ms CreateObjectMapping: 0.217600 ms MarkObjects: 2.491800 ms  DeleteObjects: 0.149700 ms)

AssetImportParameters requested are different than current active one (requested -> active):
  custom:graphics/normal-map-encoding: 01000000000000000000000000000000 -> 02000000000000000000000000000000
========================================================================
Received Prepare
Registering precompiled user dll's ...
Registered in 0.004150 seconds.
Begin MonoManager ReloadAssembly
Native extension for WindowsStandalone target not found
Native extension for WebGL target not found
Refreshing native plugins compatible for Editor in 0.71 ms, found 2 plugins.
Preloading 0 native plugins for Editor in 0.00 ms.
Mono: successfully reloaded assembly
- Completed reload, in  1.502 seconds
Platform modules already initialized, skipping
Switching build target platform(19) subTarget(0) extendedPlatform(0) -> platform(13) subTarget(537395200) extendedPlatform(0)
Refreshing native plugins compatible for Editor in 0.62 ms, found 2 plugins.
Preloading 0 native plugins for Editor in 0.00 ms.
Unloading 3367 Unused Serialized files (Serialized files now loaded: 0)
System memory in use before: 134.5 MB.
System memory in use after: 134.6 MB.

Unloading 17 unused Assets to reduce memory usage. Loaded Objects now: 4034.
Total: 3.177000 ms (FindLiveObjects: 0.320900 ms CreateObjectMapping: 0.151900 ms MarkObjects: 2.538700 ms  DeleteObjects: 0.164600 ms)

AssetImportParameters requested are different than current active one (requested -> active):
  custom:graphics/normal-map-encoding: 01000000000000000000000000000000 -> 02000000000000000000000000000000
========================================================================
Received Prepare
Registering precompiled user dll's ...
Registered in 0.004202 seconds.
Begin MonoManager ReloadAssembly
Native extension for WindowsStandalone target not found
Native extension for WebGL target not found
Refreshing native plugins compatible for Editor in 0.65 ms, found 2 plugins.
Preloading 0 native plugins for Editor in 0.00 ms.
Mono: successfully reloaded assembly
- Completed reload, in  1.388 seconds
Platform modules already initialized, skipping
Switching build target platform(19) subTarget(0) extendedPlatform(0) -> platform(13) subTarget(537395200) extendedPlatform(0)
Refreshing native plugins compatible for Editor in 0.67 ms, found 2 plugins.
Preloading 0 native plugins for Editor in 0.00 ms.
Unloading 3367 Unused Serialized files (Serialized files now loaded: 0)
System memory in use before: 134.5 MB.
System memory in use after: 134.6 MB.

Unloading 17 unused Assets to reduce memory usage. Loaded Objects now: 4038.
Total: 3.125500 ms (FindLiveObjects: 0.309200 ms CreateObjectMapping: 0.220800 ms MarkObjects: 2.429400 ms  DeleteObjects: 0.164600 ms)

AssetImportParameters requested are different than current active one (requested -> active):
  custom:graphics/normal-map-encoding: 01000000000000000000000000000000 -> 02000000000000000000000000000000
AssetImportWorkerClient::OnTransportError - code=2 error=End of file
